<?xml version="1.0" encoding="UTF-8"?>
<!-- Generated by org.testng.reporters.JUnitXMLReporter -->
<testsuite ignored="0" hostname="DESKTOP-BJC333B" failures="0" tests="1" name="Test-Firefox" time="35.067" errors="0" timestamp="2023-12-21T19:00:40 IST">
  <testcase classname="contactsTests.CreateContactTest" name="cretaeContactWithMandatoryFields" time="14.122"/>
</testsuite> <!-- Test-Firefox -->
