<?xml version="1.0" encoding="UTF-8"?>
<!-- Generated by org.testng.reporters.JUnitXMLReporter -->
<testsuite ignored="0" hostname="DESKTOP-BJC333B" failures="0" tests="1" name="Test-Edge" time="31.125" errors="0" timestamp="2023-12-21T19:00:36 IST">
  <testcase classname="contactsTests.CreateContactTest" name="cretaeContactWithMandatoryFields" time="15.978"/>
</testsuite> <!-- Test-Edge -->
