<?xml version="1.0" encoding="UTF-8"?>
<!-- Generated by org.testng.reporters.JUnitXMLReporter -->
<testsuite ignored="0" hostname="DESKTOP-BJC333B" failures="0" tests="1" name="Test-Runner-2" time="31.131" errors="0" timestamp="2023-12-21T18:01:05 IST">
  <testcase classname="contactsTests.CreateContactWithLeadSourceTest" name="CreateContactWithLead" time="15.896"/>
</testsuite> <!-- Test-Runner-2 -->
