<?xml version="1.0" encoding="UTF-8"?>
<!-- Generated by org.testng.reporters.JUnitReportReporter -->
<testsuite hostname="DESKTOP-BJC333B" failures="0" tests="1" name="contactsTests.CreateContact" time="51.102" errors="0" timestamp="2023-12-14T18:57:10 IST" skipped="0">
  <testcase classname="contactsTests.CreateContact" name="CreateContactWithMandatoryFields" time="51.102"/>
  <system-out/>
</testsuite> <!-- contactsTests.CreateContact -->
