<?xml version="1.0" encoding="UTF-8"?>
<!-- Generated by org.testng.reporters.JUnitReportReporter -->
<testsuite hostname="DESKTOP-BJC333B" failures="0" tests="1" name="contactsTests.CreateContactTest" time="20.802" errors="0" timestamp="2023-12-29T18:43:48 IST" skipped="0">
  <testcase classname="contactsTests.CreateContactTest" name="cretaeContactWithMandatoryFields" time="20.802"/>
  <system-out/>
</testsuite> <!-- contactsTests.CreateContactTest -->
