<?xml version="1.0" encoding="UTF-8"?>
<!-- Generated by org.testng.reporters.JUnitReportReporter -->
<testsuite hostname="DESKTOP-BJC333B" failures="0" tests="1" name="contactsTests.CreateContactTestNG" time="55.008" errors="0" timestamp="2023-12-19T12:38:07 IST" skipped="0">
  <testcase classname="contactsTests.CreateContactTestNG" name="cretaeContactWithMandatoryFields" time="55.008"/>
  <system-out/>
</testsuite> <!-- contactsTests.CreateContactTestNG -->
