<?xml version="1.0" encoding="UTF-8"?>
<!-- Generated by org.testng.reporters.JUnitReportReporter -->
<testsuite hostname="DESKTOP-BJC333B" failures="0" tests="3" name="testNG.practice" time="0.030" errors="0" timestamp="2023-12-18T13:41:17 IST" skipped="0">
  <testcase classname="testNG.practice" name="modifyCustomer" time="0.003"/>
  <system-out/>
  <testcase classname="testNG.practice" name="createCustomer" time="0.018"/>
  <system-out/>
  <testcase classname="testNG.practice" name="deleteCustomer" time="0.009"/>
  <system-out/>
</testsuite> <!-- testNG.practice -->
