<?xml version="1.0" encoding="UTF-8"?>
<!-- Generated by org.testng.reporters.JUnitReportReporter -->
<testsuite hostname="DESKTOP-BJC333B" failures="0" tests="1" name="contactsTests.CreateContactWithLeadSourceTest" time="11.008" errors="0" timestamp="2023-12-28T16:15:53 IST" skipped="0">
  <testcase classname="contactsTests.CreateContactWithLeadSourceTest" name="CreateContactWithLead" time="11.008"/>
  <system-out/>
</testsuite> <!-- contactsTests.CreateContactWithLeadSourceTest -->
